<!DOCTYPE html>

<html>
    <head>
        <title>Pie Charts</title>

        <link rel="stylesheet" type="text/css" href="../../../../../../../HTML_Design_Files/CSS/design.css" />
        <link rel="stylesheet" type="text/css" href="../../../../../../../HTML_Design_Files/CSS/jquery.jqplot.css" />

        <script type="text/javascript" src="../../../../../../../HTML_Design_Files/JS/jquery.min.js"></script>
        <script type="text/javascript" src="../../../../../../../HTML_Design_Files/JS/jquery.jqplot.min.js"></script>
        <!--[if lt IE 9]>
        <script language="javascript" type="text/javascript" src="../../../../../../../HTML_Design_Files/JS/excanvas.js"></script>
        <![endif]-->

        <script language="javascript" type="text/javascript" src="../../../../../../../HTML_Design_Files/JS/jqplot.pieRenderer.min.js"></script>
        <script language="javascript" type="text/javascript">$(document).ready(function() { $(".exception").hide(); $("#showmenu").show(); $('#showmenu').click(function() { $('.exception').toggle("slide"); }); });        </script>    </head>
    <body>
        <table id="mainTable">
            <tr id="header" >
                <td id="logo"><img src="../../../../../../../HTML_Design_Files/IMG/atu.jpg" alt="Logo" height="80" width="140" /> <br/><i style="float:left;padding-left:20px;font-size:12px">Reflections of Visionary Minds</i></td>
                <td id="headertext">
           ATU Graphical Reports for Selenium -  TestNG         
<div style="padding-right:20px;float:right"><img src="../../../../../../../HTML_Design_Files/IMG/" height="70" width="140" /></div>                </td>
            </tr>

            <tr id="container">
                <td id="menu">
                    <ul> 

 <li class="menuStyle"><a href="../../../../../../../index.html" >Index</a></li><li style="padding-top: 4px;"><a href="../../../../../../ConsolidatedPage.html" >Consolidated Page</a></li>


                    </ul>
                </td>


<td id="content">   
                    <div class="info">
                        The following table lists down the Sequential Steps during the Run <br/>
TestCase Name: <b>testStep  :  Iteration 8</b><br/>                        Time Taken for Executing: <b>10 Sec</b> <br/>
                        Current Run Number: <b>Run 1</b></br>
Method Type: <b>Test Method</b></br>                    </div>
<div class="info"><br/><b>Requirement Coverage/ TestCase Description</b><br/><br/>Requirement Coverage/Build Info/Cycle - Description</div>
<div class="chartStyle summary" style="background-color: #646D7E;width: 30%; height: 200px;">          
                        <b>Execution Platform Details</b><br/><br/>
                        <table>
                            <tr>
                                <td>O.S</td>
                                <td>&nbsp;&nbsp;:&nbsp;&nbsp;</td>
                                <td>Windows 8, amd64Bit, v6.2</td>
                            </tr>
                            <tr>
                                <td>Java</td>
                                <td>&nbsp;&nbsp;:&nbsp;&nbsp;</td>
                                <td>1.7.0_51</td>
                            </tr>

                            <tr>
                                <td>Hostname</td>
                                <td>&nbsp;&nbsp;:&nbsp;&nbsp;</td>
                                <td>SSD-16-0065</td>
                            </tr>

                            <tr>
                                <td>Selenium</td>
                                <td>&nbsp;&nbsp;:&nbsp;&nbsp;</td>
                                <td>2.42.2</td>
                            </tr>
                        </table>  
                    </div>
                   
 <div class="chartStyle summary" style="background-color: #E03C31;margin-left: 20px; height: 200px;width: 30%; ">
                        <b>Summary</b><br/><br/>
                        <table>
                            <tr>
                                <td>Status</td>
                                <td>&nbsp;&nbsp;:&nbsp;&nbsp;</td>
                                <td>Failed</td>
                            </tr>
                            <tr>
                                <td>Execution Date</td>
                                <td>&nbsp;&nbsp;:&nbsp;&nbsp;</td>
                                <td>06-May-2015 11:56:23</td>
                            </tr>
                            

                            <tr>
                                <td>Browser</td>
                                <td>&nbsp;&nbsp;:&nbsp;&nbsp;</td>
                                <td>UnKnown,</td>
                            </tr>
                        </table> 
                    </div>
 <div class="chartStyle summary" style="background-color: #7F525D;margin-left: 20px; height: 200px;width: 30%; ">
                       <b>Author Info</b><br/><br/>
                        <table>
                            <tr>
                                <td>Author Name</td>
                                <td>&nbsp;&nbsp;:&nbsp;&nbsp;</td>
                                <td>Unknown</td>                                
                            </tr>
                            <tr>
                                <td>Creation Date</td>
                                <td>&nbsp;&nbsp;:&nbsp;&nbsp;</td>
                                <td>Unknown</td>
                            </tr>
                            <tr>
                                <td>Version</td>
                                <td>&nbsp;&nbsp;:&nbsp;&nbsp;</td>
                                <td>Unknown</td>
                            </tr>
                            <tr>
                                <td>System User</td>
                                <td>&nbsp;&nbsp;:&nbsp;&nbsp;</td>
                                <td>aathiraja.k</td>
                            </tr>
                        </table> 
                    </div>
                    
   <div>
                        <table class="chartStyle" id="tableStyle" style="height:50px; float: left">
                            <tr>
                                <th>S.No</th>
                                <th>Step Description</th>
                                <th>Input Value</th>
                                <th>Expected Value</th>
                                <th>Actual Value</th>
                                <th>Time</th>
                                <th>Line No</th>
                                <th>Status</th>
                                <th>Screen shot</th>
                            </tr>
                           

<tr><td colspan="8"><b>No Steps Available</b></td></tr>
                        </div></table>  
<div class="chartStyle summary" style="color: black;width: 98%; height: 100%; padding-bottom: 30px;">          

<b>Parameters: </b><br/>Param: <br/>Param: CLICK<br/>Param: coopLeadLists<br/>Param: xpath<br/>Param: <br/>                        <br/><br/><b>Reason for Failure:&nbsp;&nbsp;</b>No such Element exists With "xpath" = "//a[contains(string(),\"Co-op Lead Lists\")]"}
Command duration or timeout: 10.05 seconds
For documentation on this error, please visit: http://seleniumhq.org/exceptions/no_such_element.html
Build info: version: '2.42.2', revision: '6a6995d', time: '2014-06-03 17:42:30'
System info: host: 'SSD-16-0065', ip: '172.16.130.143', os.name: 'Windows 8', os.arch: 'amd64', os.version: '6.2', java.version: '1.7.0_51'
Session ID: c3e497b1-fde8-41fe-901f-4dc37ba0775a
Driver info: org.openqa.selenium.firefox.FirefoxDriver
Capabilities [{platform=XP, databaseEnabled=true, cssSelectorsEnabled=true, javascriptEnabled=true, acceptSslCerts=true, handlesAlerts=true, browserName=firefox, webStorageEnabled=true, nativeEvents=false, rotatable=false, locationContextEnabled=true, applicationCacheEnabled=true, takesScreenshot=true, version=31.0<br/><br/>
<b id="showmenu">Click Me to Show/Hide the Full Stack Trace</b><div class="exception">
org.openqa.selenium.NoSuchElementException: Unable to locate element: {"method":"xpath","selector":"//a[contains(string(),\"Co-op Lead Lists\")]"}
Command duration or timeout: 10.05 seconds
For documentation on this error, please visit: http://seleniumhq.org/exceptions/no_such_element.html
Build info: version: '2.42.2', revision: '6a6995d', time: '2014-06-03 17:42:30'
System info: host: 'SSD-16-0065', ip: '172.16.130.143', os.name: 'Windows 8', os.arch: 'amd64', os.version: '6.2', java.version: '1.7.0_51'
Session ID: c3e497b1-fde8-41fe-901f-4dc37ba0775a
Driver info: org.openqa.selenium.firefox.FirefoxDriver
Capabilities [{platform=XP, databaseEnabled=true, cssSelectorsEnabled=true, javascriptEnabled=true, acceptSslCerts=true, handlesAlerts=true, browserName=firefox, webStorageEnabled=true, nativeEvents=false, rotatable=false, locationContextEnabled=true, applicationCacheEnabled=true, takesScreenshot=true, version=31.0}]
	at sun.reflect.NativeConstructorAccessorImpl.newInstance0(Native Method)
	at sun.reflect.NativeConstructorAccessorImpl.newInstance(NativeConstructorAccessorImpl.java:57)
	at sun.reflect.DelegatingConstructorAccessorImpl.newInstance(DelegatingConstructorAccessorImpl.java:45)
	at java.lang.reflect.Constructor.newInstance(Constructor.java:526)
	at org.openqa.selenium.remote.ErrorHandler.createThrowable(ErrorHandler.java:204)
	at org.openqa.selenium.remote.ErrorHandler.throwIfResponseFailed(ErrorHandler.java:156)
	at org.openqa.selenium.remote.RemoteWebDriver.execute(RemoteWebDriver.java:599)
	at org.openqa.selenium.remote.RemoteWebDriver.findElement(RemoteWebDriver.java:352)
	at org.openqa.selenium.remote.RemoteWebDriver.findElementByXPath(RemoteWebDriver.java:449)
	at org.openqa.selenium.By$ByXPath.findElement(By.java:357)
	at org.openqa.selenium.remote.RemoteWebDriver.findElement(RemoteWebDriver.java:344)
	at sun.reflect.NativeMethodAccessorImpl.invoke0(Native Method)
	at sun.reflect.NativeMethodAccessorImpl.invoke(NativeMethodAccessorImpl.java:57)
	at sun.reflect.DelegatingMethodAccessorImpl.invoke(DelegatingMethodAccessorImpl.java:43)
	at java.lang.reflect.Method.invoke(Method.java:606)
	at org.openqa.selenium.support.events.EventFiringWebDriver$2.invoke(EventFiringWebDriver.java:101)
	at com.sun.proxy.$Proxy13.findElement(Unknown Source)
	at org.openqa.selenium.support.events.EventFiringWebDriver.findElement(EventFiringWebDriver.java:184)
	at operation.UIOperation.perform(UIOperation.java:31)
	at testCases.HybridExecuteTest.testStep(HybridExecuteTest.java:126)
	at sun.reflect.NativeMethodAccessorImpl.invoke0(Native Method)
	at sun.reflect.NativeMethodAccessorImpl.invoke(NativeMethodAccessorImpl.java:57)
	at sun.reflect.DelegatingMethodAccessorImpl.invoke(DelegatingMethodAccessorImpl.java:43)
	at java.lang.reflect.Method.invoke(Method.java:606)
	at org.testng.internal.MethodInvocationHelper.invokeMethod(MethodInvocationHelper.java:85)
	at org.testng.internal.Invoker.invokeMethod(Invoker.java:696)
	at org.testng.internal.Invoker.invokeTestMethod(Invoker.java:882)
	at org.testng.internal.Invoker.invokeTestMethods(Invoker.java:1189)
	at org.testng.internal.TestMethodWorker.invokeTestMethods(TestMethodWorker.java:124)
	at org.testng.internal.TestMethodWorker.run(TestMethodWorker.java:108)
	at org.testng.TestRunner.privateRun(TestRunner.java:767)
	at org.testng.TestRunner.run(TestRunner.java:617)
	at org.testng.SuiteRunner.runTest(SuiteRunner.java:348)
	at org.testng.SuiteRunner.runSequentially(SuiteRunner.java:343)
	at org.testng.SuiteRunner.privateRun(SuiteRunner.java:305)
	at org.testng.SuiteRunner.run(SuiteRunner.java:254)
	at org.testng.SuiteRunnerWorker.runSuite(SuiteRunnerWorker.java:52)
	at org.testng.SuiteRunnerWorker.run(SuiteRunnerWorker.java:86)
	at org.testng.TestNG.runSuitesSequentially(TestNG.java:1224)
	at org.testng.TestNG.runSuitesLocally(TestNG.java:1149)
	at org.testng.TestNG.run(TestNG.java:1057)
	at org.testng.remote.RemoteTestNG.run(RemoteTestNG.java:111)
	at org.testng.remote.RemoteTestNG.initAndRun(RemoteTestNG.java:204)
	at org.testng.remote.RemoteTestNG.main(RemoteTestNG.java:175)
Caused by: org.openqa.selenium.remote.ErrorHandler$UnknownServerException: Unable to locate element: {"method":"xpath","selector":"//a[contains(string(),\"Co-op Lead Lists\")]"}
Build info: version: '2.42.2', revision: '6a6995d', time: '2014-06-03 17:42:30'
System info: host: 'SSD-16-0065', ip: '172.16.130.143', os.name: 'Windows 8', os.arch: 'amd64', os.version: '6.2', java.version: '1.7.0_51'
Driver info: driver.version: unknown
	at <anonymous class>.FirefoxDriver.prototype.findElementInternal_(file:///C:/Users/AATHIR~1.K/AppData/Local/Temp/anonymous8609847904261614524webdriver-profile/extensions/fxdriver@googlecode.com/components/driver_component.js:9470:133)
	at <anonymous class>.fxdriver.Timer.prototype.setTimeout/<.notify(file:///C:/Users/AATHIR~1.K/AppData/Local/Temp/anonymous8609847904261614524webdriver-profile/extensions/fxdriver@googlecode.com/components/driver_component.js:407:5)
</div>                    

                </td>
            </tr>            <tr id="footer">
                <td colspan="2">
                    Best Viewed in &nbsp;
                    <a href="http://www.mozilla.org/en-US/firefox/new/">Firefox</a> &nbsp;
                    <a href="http://www.apple.com/in/safari/">Safari</a>&nbsp;
                    <a href="http://www.google.com/chrome/">Chrome</a>&nbsp;
                    <a href="http://windows.microsoft.com/en-IN/internet-explorer/download-ie">IE 9 & Above</a>&nbsp;
                    &nbsp;
ATU Reporter Version: v5.5 BETA                    &nbsp;
                    Reports by: <a href="http://automationtestingutilities.blogspot.in/">Automation Testing Utilities</a>
                </td>
            </tr>
        </table>
    </body>
</html>
